#
# There is insufficient memory for the Java Runtime Environment to continue.
# Native memory allocation (malloc) failed to allocate 1306096 bytes for Chunk::new
# Possible reasons:
#   The system is out of physical RAM or swap space
#   The process is running with CompressedOops enabled, and the Java Heap may be blocking the growth of the native heap
# Possible solutions:
#   Reduce memory load on the system
#   Increase physical memory or swap space
#   Check if swap backing store is full
#   Decrease Java heap size (-Xmx/-Xms)
#   Decrease number of Java threads
#   Decrease Java thread stack sizes (-Xss)
#   Set larger code cache with -XX:ReservedCodeCacheSize=
#   JVM is running with Unscaled Compressed Oops mode in which the Java heap is
#     placed in the first 4GB address space. The Java Heap base address is the
#     maximum limit for the native heap growth. Please use -XX:HeapBaseMinAddress
#     to set the Java Heap base and to place the Java Heap above 4GB virtual address.
# This output file may be truncated or incomplete.
#
#  Out of Memory Error (./src/hotspot/share/memory/arena.cpp:197), pid=29748, tid=36140
#
# JRE version: OpenJDK Runtime Environment (11.0.12+7) (build 11.0.12+7-b1504.28-7817840)
# Java VM: OpenJDK 64-Bit Server VM (11.0.12+7-b1504.28-7817840, mixed mode, tiered, compressed oops, g1 gc, windows-amd64)
# No core dump will be written. Minidumps are not enabled by default on client versions of Windows
#

---------------  S U M M A R Y ------------

Command Line: --add-opens=java.base/java.util=ALL-UNNAMED --add-opens=java.base/java.lang=ALL-UNNAMED --add-opens=java.base/java.lang.invoke=ALL-UNNAMED --add-opens=java.base/java.util=ALL-UNNAMED --add-opens=java.prefs/java.util.prefs=ALL-UNNAMED --add-opens=java.prefs/java.util.prefs=ALL-UNNAMED --add-opens=java.base/java.nio.charset=ALL-UNNAMED --add-opens=java.base/java.net=ALL-UNNAMED --add-opens=java.base/java.util.concurrent.atomic=ALL-UNNAMED -Xmx2048m -Dfile.encoding=UTF-8 -Duser.country=CN -Duser.language=zh -Duser.variant org.gradle.launcher.daemon.bootstrap.GradleDaemon 7.3.3

Host: AMD Ryzen 5 2500U with Radeon Vega Mobile Gfx  , 8 cores, 5G,  Windows 10 , 64 bit Build 19041 (10.0.19041.1806)
Time: Tue Aug  2 19:03:25 2022 ?????? elapsed time: 17.279608 seconds (0d 0h 0m 17s)

---------------  T H R E A D  ---------------

Current thread (0x000002112d785000):  JavaThread "C2 CompilerThread0" daemon [_thread_in_native, id=36140, stack(0x000000e7e3800000,0x000000e7e3900000)]


Current CompileTask:
C2:  17280 2007   !   4       java.lang.ClassLoader::loadClass (122 bytes)

Stack: [0x000000e7e3800000,0x000000e7e3900000]
Native frames: (J=compiled Java code, j=interpreted, Vv=VM code, C=native code)
V  [jvm.dll+0x5fbcea]
V  [jvm.dll+0x731905]
V  [jvm.dll+0x732f1d]
V  [jvm.dll+0x7335d3]
V  [jvm.dll+0x247bf8]
V  [jvm.dll+0xc018c]
V  [jvm.dll+0xc06cc]
V  [jvm.dll+0x35b2db]
V  [jvm.dll+0x328803]
V  [jvm.dll+0x327cfa]
V  [jvm.dll+0x200602]
V  [jvm.dll+0x1ff794]
V  [jvm.dll+0x18868c]
V  [jvm.dll+0x20e0d7]
V  [jvm.dll+0x20c901]
V  [jvm.dll+0x6f9b7f]
V  [jvm.dll+0x6f26a5]
V  [jvm.dll+0x5fabf6]
C  [ucrtbase.dll+0x21bb2]
C  [KERNEL32.DLL+0x17034]
C  [ntdll.dll+0x52651]


---------------  P R O C E S S  ---------------

Threads class SMR info:
_java_thread_list=0x000002112ea0d1a0, length=23, elements={
0x0000021112aaa000, 0x000002112cf22000, 0x000002112cf23000, 0x000002112d77e800,
0x000002112d77f800, 0x000002112d781000, 0x000002112d785000, 0x000002112d788000,
0x000002112cf2c000, 0x000002112d910800, 0x000002112f305800, 0x000002112f45d000,
0x000002112f45e000, 0x000002112db04800, 0x000002112e3a7000, 0x000002112e3a8000,
0x000002112e42f000, 0x000002112edfd800, 0x000002112e430000, 0x000002112e9ca000,
0x000002112e9d0000, 0x000002112e9d0800, 0x000002112e9cc800
}

Java Threads: ( => current thread )
  0x0000021112aaa000 JavaThread "main" [_thread_blocked, id=41060, stack(0x000000e7e2c00000,0x000000e7e2d00000)]
  0x000002112cf22000 JavaThread "Reference Handler" daemon [_thread_blocked, id=3908, stack(0x000000e7e3300000,0x000000e7e3400000)]
  0x000002112cf23000 JavaThread "Finalizer" daemon [_thread_blocked, id=31980, stack(0x000000e7e3400000,0x000000e7e3500000)]
  0x000002112d77e800 JavaThread "Signal Dispatcher" daemon [_thread_blocked, id=40668, stack(0x000000e7e3500000,0x000000e7e3600000)]
  0x000002112d77f800 JavaThread "Attach Listener" daemon [_thread_blocked, id=40352, stack(0x000000e7e3600000,0x000000e7e3700000)]
  0x000002112d781000 JavaThread "Service Thread" daemon [_thread_blocked, id=26584, stack(0x000000e7e3700000,0x000000e7e3800000)]
=>0x000002112d785000 JavaThread "C2 CompilerThread0" daemon [_thread_in_native, id=36140, stack(0x000000e7e3800000,0x000000e7e3900000)]
  0x000002112d788000 JavaThread "C1 CompilerThread0" daemon [_thread_blocked, id=40144, stack(0x000000e7e3900000,0x000000e7e3a00000)]
  0x000002112cf2c000 JavaThread "Sweeper thread" daemon [_thread_blocked, id=35912, stack(0x000000e7e3a00000,0x000000e7e3b00000)]
  0x000002112d910800 JavaThread "Common-Cleaner" daemon [_thread_blocked, id=41500, stack(0x000000e7e3b00000,0x000000e7e3c00000)]
  0x000002112f305800 JavaThread "Daemon health stats" [_thread_blocked, id=13724, stack(0x000000e7e3e00000,0x000000e7e3f00000)]
  0x000002112f45d000 JavaThread "Incoming local TCP Connector on port 52695" [_thread_in_native, id=40204, stack(0x000000e7e4200000,0x000000e7e4300000)]
  0x000002112f45e000 JavaThread "Daemon periodic checks" [_thread_blocked, id=44224, stack(0x000000e7e4300000,0x000000e7e4400000)]
  0x000002112db04800 JavaThread "Daemon" [_thread_blocked, id=38248, stack(0x000000e7e4400000,0x000000e7e4500000)]
  0x000002112e3a7000 JavaThread "Handler for socket connection from /127.0.0.1:52695 to /127.0.0.1:52696" [_thread_in_native, id=42028, stack(0x000000e7e4500000,0x000000e7e4600000)]
  0x000002112e3a8000 JavaThread "Cancel handler" [_thread_blocked, id=15376, stack(0x000000e7e4600000,0x000000e7e4700000)]
  0x000002112e42f000 JavaThread "Daemon worker" [_thread_in_vm, id=17900, stack(0x000000e7e4700000,0x000000e7e4800000)]
  0x000002112edfd800 JavaThread "Asynchronous log dispatcher for DefaultDaemonConnection: socket connection from /127.0.0.1:52695 to /127.0.0.1:52696" [_thread_blocked, id=42224, stack(0x000000e7e4800000,0x000000e7e4900000)]
  0x000002112e430000 JavaThread "Stdin handler" [_thread_blocked, id=34448, stack(0x000000e7e4900000,0x000000e7e4a00000)]
  0x000002112e9ca000 JavaThread "Daemon client event forwarder" [_thread_blocked, id=26764, stack(0x000000e7e4a00000,0x000000e7e4b00000)]
  0x000002112e9d0000 JavaThread "Cache worker for journal cache (C:\Users\HP\.gradle\caches\journal-1)" [_thread_blocked, id=10164, stack(0x000000e7e4b00000,0x000000e7e4c00000)]
  0x000002112e9d0800 JavaThread "File lock request listener" [_thread_in_native, id=14264, stack(0x000000e7e4c00000,0x000000e7e4d00000)]
  0x000002112e9cc800 JavaThread "Cache worker for file hash cache (C:\Users\HP\.gradle\caches\7.3.3\fileHashes)" [_thread_blocked, id=11836, stack(0x000000e7e4d00000,0x000000e7e4e00000)]

Other Threads:
  0x000002112d734800 VMThread "VM Thread" [stack: 0x000000e7e3200000,0x000000e7e3300000] [id=44432]
  0x000002112d92e000 WatcherThread [stack: 0x000000e7e3c00000,0x000000e7e3d00000] [id=35736]
  0x0000021110a3b000 GCTaskThread "GC Thread#0" [stack: 0x000000e7e2d00000,0x000000e7e2e00000] [id=16828]
  0x000002112d915000 GCTaskThread "GC Thread#1" [stack: 0x000000e7e3d00000,0x000000e7e3e00000] [id=44500]
  0x000002112d91b800 GCTaskThread "GC Thread#2" [stack: 0x000000e7e3f00000,0x000000e7e4000000] [id=40404]
  0x000002112d917800 GCTaskThread "GC Thread#3" [stack: 0x000000e7e4000000,0x000000e7e4100000] [id=8680]
  0x000002112d919800 GCTaskThread "GC Thread#4" [stack: 0x000000e7e4e00000,0x000000e7e4f00000] [id=43252]
  0x000002112d91b000 GCTaskThread "GC Thread#5" [stack: 0x000000e7e4f00000,0x000000e7e5000000] [id=37192]
  0x000002112d918000 GCTaskThread "GC Thread#6" [stack: 0x000000e7e5000000,0x000000e7e5100000] [id=34248]
  0x000002112d919000 GCTaskThread "GC Thread#7" [stack: 0x000000e7e5100000,0x000000e7e5200000] [id=27344]
  0x0000021112aed800 ConcurrentGCThread "G1 Main Marker" [stack: 0x000000e7e2e00000,0x000000e7e2f00000] [id=25312]
  0x0000021112af0000 ConcurrentGCThread "G1 Conc#0" [stack: 0x000000e7e2f00000,0x000000e7e3000000] [id=45040]
  0x000002112d91a800 ConcurrentGCThread "G1 Conc#1" [stack: 0x000000e7e5200000,0x000000e7e5300000] [id=21692]
  0x000002112cd5e800 ConcurrentGCThread "G1 Refine#0" [stack: 0x000000e7e3000000,0x000000e7e3100000] [id=42996]
  0x000002112f249800 ConcurrentGCThread "G1 Refine#1" [stack: 0x000000e7e4100000,0x000000e7e4200000] [id=41256]
  0x000002112cd5f000 ConcurrentGCThread "G1 Young RemSet Sampling" [stack: 0x000000e7e3100000,0x000000e7e3200000] [id=1332]

Threads with active compile tasks:
C2 CompilerThread0  17406 2007   !   4       java.lang.ClassLoader::loadClass (122 bytes)

VM state:not at safepoint (normal execution)

VM Mutex/Monitor currently owned by a thread:  ([mutex/lock_event])
[0x0000021112a96010] CodeCache_lock - owner thread: 0x0000000000000000

Heap address: 0x0000000080000000, size: 2048 MB, Compressed Oops mode: 32-bit
Narrow klass base: 0x0000000000000000, Narrow klass shift: 3
Compressed class space size: 1073741824 Address: 0x0000000100000000

Heap:
 garbage-first heap   total 98304K, used 25625K [0x0000000080000000, 0x0000000100000000)
  region size 1024K, 11 young (11264K), 2 survivors (2048K)
 Metaspace       used 21706K, capacity 22207K, committed 22320K, reserved 1069056K
  class space    used 2714K, capacity 2901K, committed 2944K, reserved 1048576K
Heap Regions: E=young(eden), S=young(survivor), O=old, HS=humongous(starts), HC=humongous(continues), CS=collection set, F=free, A=archive, TAMS=top-at-mark-start (previous, next)
|   0|0x0000000080000000, 0x0000000080100000, 0x0000000080100000|100%| O|  |TAMS 0x0000000080100000, 0x0000000080000000| Untracked 
|   1|0x0000000080100000, 0x0000000080200000, 0x0000000080200000|100%| O|  |TAMS 0x0000000080200000, 0x0000000080100000| Untracked 
|   2|0x0000000080200000, 0x0000000080300000, 0x0000000080300000|100%| O|  |TAMS 0x0000000080300000, 0x0000000080200000| Untracked 
|   3|0x0000000080300000, 0x0000000080400000, 0x0000000080400000|100%|HS|  |TAMS 0x0000000080400000, 0x0000000080300000| Complete 
|   4|0x0000000080400000, 0x0000000080500000, 0x0000000080500000|100%|HC|  |TAMS 0x0000000080500000, 0x0000000080400000| Complete 
|   5|0x0000000080500000, 0x0000000080600000, 0x0000000080600000|100%|HC|  |TAMS 0x0000000080600000, 0x0000000080500000| Complete 
|   6|0x0000000080600000, 0x0000000080700000, 0x0000000080700000|100%| O|  |TAMS 0x0000000080700000, 0x0000000080600000| Untracked 
|   7|0x0000000080700000, 0x0000000080800000, 0x0000000080800000|100%| O|  |TAMS 0x0000000080800000, 0x0000000080700000| Untracked 
|   8|0x0000000080800000, 0x0000000080900000, 0x0000000080900000|100%| O|  |TAMS 0x0000000080900000, 0x0000000080800000| Untracked 
|   9|0x0000000080900000, 0x0000000080a00000, 0x0000000080a00000|100%| O|  |TAMS 0x0000000080a00000, 0x0000000080900000| Untracked 
|  10|0x0000000080a00000, 0x0000000080b00000, 0x0000000080b00000|100%| O|  |TAMS 0x0000000080b00000, 0x0000000080a00000| Untracked 
|  11|0x0000000080b00000, 0x0000000080c00000, 0x0000000080c00000|100%| O|  |TAMS 0x0000000080c00000, 0x0000000080b00000| Untracked 
|  12|0x0000000080c00000, 0x0000000080d00000, 0x0000000080d00000|100%| O|  |TAMS 0x0000000080d00000, 0x0000000080c00000| Untracked 
|  13|0x0000000080d00000, 0x0000000080e00000, 0x0000000080e00000|100%| O|  |TAMS 0x0000000080e00000, 0x0000000080d00000| Untracked 
|  14|0x0000000080e00000, 0x0000000080f00000, 0x0000000080f00000|100%| O|  |TAMS 0x0000000080f00000, 0x0000000080e00000| Untracked 
|  15|0x0000000080f00000, 0x0000000080f06400, 0x0000000081000000|  2%| O|  |TAMS 0x0000000080f06400, 0x0000000080f00000| Untracked 
|  16|0x0000000081000000, 0x0000000081000000, 0x0000000081100000|  0%| F|  |TAMS 0x0000000081000000, 0x0000000081000000| Untracked 
|  17|0x0000000081100000, 0x0000000081100000, 0x0000000081200000|  0%| F|  |TAMS 0x0000000081100000, 0x0000000081100000| Untracked 
|  18|0x0000000081200000, 0x0000000081200000, 0x0000000081300000|  0%| F|  |TAMS 0x0000000081200000, 0x0000000081200000| Untracked 
|  19|0x0000000081300000, 0x0000000081300000, 0x0000000081400000|  0%| F|  |TAMS 0x0000000081300000, 0x0000000081300000| Untracked 
|  20|0x0000000081400000, 0x0000000081400000, 0x0000000081500000|  0%| F|  |TAMS 0x0000000081400000, 0x0000000081400000| Untracked 
|  21|0x0000000081500000, 0x0000000081500000, 0x0000000081600000|  0%| F|  |TAMS 0x0000000081500000, 0x0000000081500000| Untracked 
|  22|0x0000000081600000, 0x0000000081600000, 0x0000000081700000|  0%| F|  |TAMS 0x0000000081600000, 0x0000000081600000| Untracked 
|  23|0x0000000081700000, 0x0000000081700000, 0x0000000081800000|  0%| F|  |TAMS 0x0000000081700000, 0x0000000081700000| Untracked 
|  24|0x0000000081800000, 0x0000000081800000, 0x0000000081900000|  0%| F|  |TAMS 0x0000000081800000, 0x0000000081800000| Untracked 
|  25|0x0000000081900000, 0x0000000081900000, 0x0000000081a00000|  0%| F|  |TAMS 0x0000000081900000, 0x0000000081900000| Untracked 
|  26|0x0000000081a00000, 0x0000000081a00000, 0x0000000081b00000|  0%| F|  |TAMS 0x0000000081a00000, 0x0000000081a00000| Untracked 
|  27|0x0000000081b00000, 0x0000000081b00000, 0x0000000081c00000|  0%| F|  |TAMS 0x0000000081b00000, 0x0000000081b00000| Untracked 
|  28|0x0000000081c00000, 0x0000000081c00000, 0x0000000081d00000|  0%| F|  |TAMS 0x0000000081c00000, 0x0000000081c00000| Untracked 
|  29|0x0000000081d00000, 0x0000000081d00000, 0x0000000081e00000|  0%| F|  |TAMS 0x0000000081d00000, 0x0000000081d00000| Untracked 
|  30|0x0000000081e00000, 0x0000000081e00000, 0x0000000081f00000|  0%| F|  |TAMS 0x0000000081e00000, 0x0000000081e00000| Untracked 
|  31|0x0000000081f00000, 0x0000000081f00000, 0x0000000082000000|  0%| F|  |TAMS 0x0000000081f00000, 0x0000000081f00000| Untracked 
|  32|0x0000000082000000, 0x0000000082000000, 0x0000000082100000|  0%| F|  |TAMS 0x0000000082000000, 0x0000000082000000| Untracked 
|  33|0x0000000082100000, 0x0000000082100000, 0x0000000082200000|  0%| F|  |TAMS 0x0000000082100000, 0x0000000082100000| Untracked 
|  34|0x0000000082200000, 0x0000000082200000, 0x0000000082300000|  0%| F|  |TAMS 0x0000000082200000, 0x0000000082200000| Untracked 
|  35|0x0000000082300000, 0x0000000082300000, 0x0000000082400000|  0%| F|  |TAMS 0x0000000082300000, 0x0000000082300000| Untracked 
|  36|0x0000000082400000, 0x0000000082400000, 0x0000000082500000|  0%| F|  |TAMS 0x0000000082400000, 0x0000000082400000| Untracked 
|  37|0x0000000082500000, 0x0000000082500000, 0x0000000082600000|  0%| F|  |TAMS 0x0000000082500000, 0x0000000082500000| Untracked 
|  38|0x0000000082600000, 0x0000000082600000, 0x0000000082700000|  0%| F|  |TAMS 0x0000000082600000, 0x0000000082600000| Untracked 
|  39|0x0000000082700000, 0x0000000082700000, 0x0000000082800000|  0%| F|  |TAMS 0x0000000082700000, 0x0000000082700000| Untracked 
|  40|0x0000000082800000, 0x0000000082800000, 0x0000000082900000|  0%| F|  |TAMS 0x0000000082800000, 0x0000000082800000| Untracked 
|  41|0x0000000082900000, 0x0000000082900000, 0x0000000082a00000|  0%| F|  |TAMS 0x0000000082900000, 0x0000000082900000| Untracked 
|  42|0x0000000082a00000, 0x0000000082a00000, 0x0000000082b00000|  0%| F|  |TAMS 0x0000000082a00000, 0x0000000082a00000| Untracked 
|  43|0x0000000082b00000, 0x0000000082b00000, 0x0000000082c00000|  0%| F|  |TAMS 0x0000000082b00000, 0x0000000082b00000| Untracked 
|  44|0x0000000082c00000, 0x0000000082c00000, 0x0000000082d00000|  0%| F|  |TAMS 0x0000000082c00000, 0x0000000082c00000| Untracked 
|  45|0x0000000082d00000, 0x0000000082d00000, 0x0000000082e00000|  0%| F|  |TAMS 0x0000000082d00000, 0x0000000082d00000| Untracked 
|  46|0x0000000082e00000, 0x0000000082e00000, 0x0000000082f00000|  0%| F|  |TAMS 0x0000000082e00000, 0x0000000082e00000| Untracked 
|  47|0x0000000082f00000, 0x0000000082f00000, 0x0000000083000000|  0%| F|  |TAMS 0x0000000082f00000, 0x0000000082f00000| Untracked 
|  48|0x0000000083000000, 0x0000000083000000, 0x0000000083100000|  0%| F|  |TAMS 0x0000000083000000, 0x0000000083000000| Untracked 
|  49|0x0000000083100000, 0x0000000083100000, 0x0000000083200000|  0%| F|  |TAMS 0x0000000083100000, 0x0000000083100000| Untracked 
|  50|0x0000000083200000, 0x0000000083300000, 0x0000000083300000|100%| S|CS|TAMS 0x0000000083200000, 0x0000000083200000| Complete 
|  51|0x0000000083300000, 0x0000000083400000, 0x0000000083400000|100%| S|CS|TAMS 0x0000000083300000, 0x0000000083300000| Complete 
|  52|0x0000000083400000, 0x0000000083400000, 0x0000000083500000|  0%| F|  |TAMS 0x0000000083400000, 0x0000000083400000| Untracked 
|  53|0x0000000083500000, 0x0000000083500000, 0x0000000083600000|  0%| F|  |TAMS 0x0000000083500000, 0x0000000083500000| Untracked 
|  54|0x0000000083600000, 0x0000000083600000, 0x0000000083700000|  0%| F|  |TAMS 0x0000000083600000, 0x0000000083600000| Untracked 
|  55|0x0000000083700000, 0x0000000083700000, 0x0000000083800000|  0%| F|  |TAMS 0x0000000083700000, 0x0000000083700000| Untracked 
|  56|0x0000000083800000, 0x0000000083800000, 0x0000000083900000|  0%| F|  |TAMS 0x0000000083800000, 0x0000000083800000| Untracked 
|  57|0x0000000083900000, 0x0000000083900000, 0x0000000083a00000|  0%| F|  |TAMS 0x0000000083900000, 0x0000000083900000| Untracked 
|  58|0x0000000083a00000, 0x0000000083a00000, 0x0000000083b00000|  0%| F|  |TAMS 0x0000000083a00000, 0x0000000083a00000| Untracked 
|  59|0x0000000083b00000, 0x0000000083b00000, 0x0000000083c00000|  0%| F|  |TAMS 0x0000000083b00000, 0x0000000083b00000| Untracked 
|  60|0x0000000083c00000, 0x0000000083c00000, 0x0000000083d00000|  0%| F|  |TAMS 0x0000000083c00000, 0x0000000083c00000| Untracked 
|  61|0x0000000083d00000, 0x0000000083d00000, 0x0000000083e00000|  0%| F|  |TAMS 0x0000000083d00000, 0x0000000083d00000| Untracked 
|  62|0x0000000083e00000, 0x0000000083e00000, 0x0000000083f00000|  0%| F|  |TAMS 0x0000000083e00000, 0x0000000083e00000| Untracked 
|  63|0x0000000083f00000, 0x0000000083f00000, 0x0000000084000000|  0%| F|  |TAMS 0x0000000083f00000, 0x0000000083f00000| Untracked 
|  64|0x0000000084000000, 0x0000000084000000, 0x0000000084100000|  0%| F|  |TAMS 0x0000000084000000, 0x0000000084000000| Untracked 
|  65|0x0000000084100000, 0x0000000084100000, 0x0000000084200000|  0%| F|  |TAMS 0x0000000084100000, 0x0000000084100000| Untracked 
|  66|0x0000000084200000, 0x0000000084200000, 0x0000000084300000|  0%| F|  |TAMS 0x0000000084200000, 0x0000000084200000| Untracked 
|  67|0x0000000084300000, 0x0000000084300000, 0x0000000084400000|  0%| F|  |TAMS 0x0000000084300000, 0x0000000084300000| Untracked 
|  68|0x0000000084400000, 0x0000000084400000, 0x0000000084500000|  0%| F|  |TAMS 0x0000000084400000, 0x0000000084400000| Untracked 
|  69|0x0000000084500000, 0x0000000084500000, 0x0000000084600000|  0%| F|  |TAMS 0x0000000084500000, 0x0000000084500000| Untracked 
|  70|0x0000000084600000, 0x0000000084600000, 0x0000000084700000|  0%| F|  |TAMS 0x0000000084600000, 0x0000000084600000| Untracked 
|  71|0x0000000084700000, 0x0000000084700000, 0x0000000084800000|  0%| F|  |TAMS 0x0000000084700000, 0x0000000084700000| Untracked 
|  72|0x0000000084800000, 0x0000000084800000, 0x0000000084900000|  0%| F|  |TAMS 0x0000000084800000, 0x0000000084800000| Untracked 
|  73|0x0000000084900000, 0x0000000084900000, 0x0000000084a00000|  0%| F|  |TAMS 0x0000000084900000, 0x0000000084900000| Untracked 
|  74|0x0000000084a00000, 0x0000000084a00000, 0x0000000084b00000|  0%| F|  |TAMS 0x0000000084a00000, 0x0000000084a00000| Untracked 
|  75|0x0000000084b00000, 0x0000000084b00000, 0x0000000084c00000|  0%| F|  |TAMS 0x0000000084b00000, 0x0000000084b00000| Untracked 
|  76|0x0000000084c00000, 0x0000000084c00000, 0x0000000084d00000|  0%| F|  |TAMS 0x0000000084c00000, 0x0000000084c00000| Untracked 
|  77|0x0000000084d00000, 0x0000000084d00000, 0x0000000084e00000|  0%| F|  |TAMS 0x0000000084d00000, 0x0000000084d00000| Untracked 
|  78|0x0000000084e00000, 0x0000000084e00000, 0x0000000084f00000|  0%| F|  |TAMS 0x0000000084e00000, 0x0000000084e00000| Untracked 
|  79|0x0000000084f00000, 0x0000000084f00000, 0x0000000085000000|  0%| F|  |TAMS 0x0000000084f00000, 0x0000000084f00000| Untracked 
|  80|0x0000000085000000, 0x0000000085000000, 0x0000000085100000|  0%| F|  |TAMS 0x0000000085000000, 0x0000000085000000| Untracked 
|  81|0x0000000085100000, 0x0000000085100000, 0x0000000085200000|  0%| F|  |TAMS 0x0000000085100000, 0x0000000085100000| Untracked 
|  82|0x0000000085200000, 0x0000000085200000, 0x0000000085300000|  0%| F|  |TAMS 0x0000000085200000, 0x0000000085200000| Untracked 
|  83|0x0000000085300000, 0x0000000085300000, 0x0000000085400000|  0%| F|  |TAMS 0x0000000085300000, 0x0000000085300000| Untracked 
|  84|0x0000000085400000, 0x0000000085400000, 0x0000000085500000|  0%| F|  |TAMS 0x0000000085400000, 0x0000000085400000| Untracked 
|  85|0x0000000085500000, 0x0000000085500000, 0x0000000085600000|  0%| F|  |TAMS 0x0000000085500000, 0x0000000085500000| Untracked 
|  86|0x0000000085600000, 0x0000000085600000, 0x0000000085700000|  0%| F|  |TAMS 0x0000000085600000, 0x0000000085600000| Untracked 
|  87|0x0000000085700000, 0x0000000085800000, 0x0000000085800000|100%| E|  |TAMS 0x0000000085700000, 0x0000000085700000| Complete 
|  88|0x0000000085800000, 0x0000000085900000, 0x0000000085900000|100%| E|CS|TAMS 0x0000000085800000, 0x0000000085800000| Complete 
|  89|0x0000000085900000, 0x0000000085a00000, 0x0000000085a00000|100%| E|CS|TAMS 0x0000000085900000, 0x0000000085900000| Complete 
|  90|0x0000000085a00000, 0x0000000085b00000, 0x0000000085b00000|100%| E|CS|TAMS 0x0000000085a00000, 0x0000000085a00000| Complete 
|  91|0x0000000085b00000, 0x0000000085c00000, 0x0000000085c00000|100%| E|CS|TAMS 0x0000000085b00000, 0x0000000085b00000| Complete 
|  92|0x0000000085c00000, 0x0000000085d00000, 0x0000000085d00000|100%| E|CS|TAMS 0x0000000085c00000, 0x0000000085c00000| Complete 
|  93|0x0000000085d00000, 0x0000000085e00000, 0x0000000085e00000|100%| E|CS|TAMS 0x0000000085d00000, 0x0000000085d00000| Complete 
|  94|0x0000000085e00000, 0x0000000085f00000, 0x0000000085f00000|100%| E|CS|TAMS 0x0000000085e00000, 0x0000000085e00000| Complete 
|  95|0x0000000085f00000, 0x0000000086000000, 0x0000000086000000|100%| E|CS|TAMS 0x0000000085f00000, 0x0000000085f00000| Complete 

Card table byte_map: [0x0000021125cb0000,0x00000211260b0000] _byte_map_base: 0x00000211258b0000

Marking Bits (Prev, Next): (CMBitMap*) 0x0000021112ae4ad0, (CMBitMap*) 0x0000021112ae4a98
 Prev Bits: [0x00000211284b0000, 0x000002112a4b0000)
 Next Bits: [0x00000211264b0000, 0x00000211284b0000)

Polling page: 0x0000021110910000

Metaspace:

Usage:
  Non-class:     18.92 MB capacity,    18.58 MB ( 98%) used,   302.95 KB (  2%) free+waste,    37.25 KB ( <1%) overhead. 
      Class:      2.83 MB capacity,     2.66 MB ( 94%) used,   163.72 KB (  6%) free+waste,    18.44 KB ( <1%) overhead. 
       Both:     21.75 MB capacity,    21.24 MB ( 98%) used,   466.67 KB (  2%) free+waste,    55.69 KB ( <1%) overhead. 

Virtual space:
  Non-class space:       20.00 MB reserved,      19.17 MB ( 96%) committed 
      Class space:        1.00 GB reserved,       2.88 MB ( <1%) committed 
             Both:        1.02 GB reserved,      22.05 MB (  2%) committed 

Chunk freelists:
   Non-Class:  22.00 KB
       Class:  11.00 KB
        Both:  33.00 KB

MaxMetaspaceSize: 17179869184.00 GB
CompressedClassSpaceSize: 1.00 GB
Initial GC threshold: 20.80 MB
Current GC threshold: 34.87 MB
CDS: off

CodeHeap 'non-profiled nmethods': size=120000Kb used=889Kb max_used=889Kb free=119110Kb
 bounds [0x000002111e050000, 0x000002111e2c0000, 0x0000021125580000]
CodeHeap 'profiled nmethods': size=120000Kb used=4367Kb max_used=4367Kb free=115632Kb
 bounds [0x0000021116b20000, 0x0000021116f70000, 0x000002111e050000]
CodeHeap 'non-nmethods': size=5760Kb used=1214Kb max_used=1229Kb free=4545Kb
 bounds [0x0000021116580000, 0x00000211167f0000, 0x0000021116b20000]
 total_blobs=2521 nmethods=2041 adapters=392
 compilation: enabled
              stopped_count=0, restarted_count=0
 full_count=0

Compilation events (20 events):
Event: 17.073 Thread 0x000002112d788000 2010       3       java.util.ArrayList::toArray (57 bytes)
Event: 17.074 Thread 0x000002112d788000 nmethod 2010 0x0000021116f49a90 code [0x0000021116f49c80, 0x0000021116f4a198]
Event: 17.124 Thread 0x000002112d788000 2011       3       java.util.concurrent.locks.ReentrantLock::unlock (10 bytes)
Event: 17.125 Thread 0x000002112d788000 nmethod 2011 0x0000021116f4a310 code [0x0000021116f4a4e0, 0x0000021116f4a818]
Event: 17.127 Thread 0x000002112d788000 2012       3       java.lang.invoke.InnerClassLambdaMetafactory::getLoadOpcode (25 bytes)
Event: 17.127 Thread 0x000002112d788000 nmethod 2012 0x0000021116f4a990 code [0x0000021116f4ab60, 0x0000021116f4ad78]
Event: 17.127 Thread 0x000002112d788000 2013       3       java.lang.invoke.InnerClassLambdaMetafactory::getParameterSize (27 bytes)
Event: 17.128 Thread 0x000002112d788000 nmethod 2013 0x0000021116f4ae90 code [0x0000021116f4b040, 0x0000021116f4b218]
Event: 17.131 Thread 0x000002112d788000 2015       3       sun.invoke.util.VerifyAccess::isTypeVisible (47 bytes)
Event: 17.132 Thread 0x000002112d788000 nmethod 2015 0x0000021116f4b290 code [0x0000021116f4b480, 0x0000021116f4b858]
Event: 17.157 Thread 0x000002112d788000 2016       3       java.lang.Package::<init> (47 bytes)
Event: 17.159 Thread 0x000002112d788000 nmethod 2016 0x0000021116f4ba90 code [0x0000021116f4bc80, 0x0000021116f4c0c8]
Event: 17.187 Thread 0x000002112d788000 2017       3       jdk.internal.org.objectweb.asm.ClassWriter::addType (103 bytes)
Event: 17.188 Thread 0x000002112d788000 nmethod 2017 0x0000021116f4c310 code [0x0000021116f4c520, 0x0000021116f4cbe8]
Event: 17.189 Thread 0x000002112d788000 2018       3       sun.invoke.util.VerifyAccess::isMemberAccessible (313 bytes)
Event: 17.195 Thread 0x000002112d788000 nmethod 2018 0x0000021116f4ce10 code [0x0000021116f4d2e0, 0x0000021116f4f488]
Event: 17.195 Thread 0x000002112d788000 2019       3       java.lang.invoke.LambdaFormEditor$Transform::<init> (17 bytes)
Event: 17.196 Thread 0x000002112d788000 nmethod 2019 0x0000021116f4ff10 code [0x0000021116f500e0, 0x0000021116f504b8]
Event: 17.239 Thread 0x000002112d788000 2021       3       java.util.Vector::add (23 bytes)
Event: 17.240 Thread 0x000002112d788000 nmethod 2021 0x0000021116f50610 code [0x0000021116f50820, 0x0000021116f50d58]

GC Heap History (6 events):
Event: 6.554 GC heap before
{Heap before GC invocations=0 (full 0):
 garbage-first heap   total 98304K, used 29696K [0x0000000080000000, 0x0000000100000000)
  region size 1024K, 24 young (24576K), 0 survivors (0K)
 Metaspace       used 10261K, capacity 10561K, committed 10624K, reserved 1058816K
  class space    used 1069K, capacity 1139K, committed 1152K, reserved 1048576K
}
Event: 6.605 GC heap after
{Heap after GC invocations=1 (full 0):
 garbage-first heap   total 98304K, used 9567K [0x0000000080000000, 0x0000000100000000)
  region size 1024K, 3 young (3072K), 3 survivors (3072K)
 Metaspace       used 10261K, capacity 10561K, committed 10624K, reserved 1058816K
  class space    used 1069K, capacity 1139K, committed 1152K, reserved 1048576K
}
Event: 11.465 GC heap before
{Heap before GC invocations=1 (full 0):
 garbage-first heap   total 98304K, used 64863K [0x0000000080000000, 0x0000000100000000)
  region size 1024K, 57 young (58368K), 3 survivors (3072K)
 Metaspace       used 13883K, capacity 14277K, committed 14464K, reserved 1062912K
  class space    used 1535K, capacity 1654K, committed 1664K, reserved 1048576K
}
Event: 11.485 GC heap after
{Heap after GC invocations=2 (full 0):
 garbage-first heap   total 98304K, used 15651K [0x0000000080000000, 0x0000000100000000)
  region size 1024K, 8 young (8192K), 8 survivors (8192K)
 Metaspace       used 13883K, capacity 14277K, committed 14464K, reserved 1062912K
  class space    used 1535K, capacity 1654K, committed 1664K, reserved 1048576K
}
Event: 17.023 GC heap before
{Heap before GC invocations=2 (full 0):
 garbage-first heap   total 98304K, used 59683K [0x0000000080000000, 0x0000000100000000)
  region size 1024K, 52 young (53248K), 8 survivors (8192K)
 Metaspace       used 20628K, capacity 21113K, committed 21296K, reserved 1069056K
  class space    used 2536K, capacity 2680K, committed 2688K, reserved 1048576K
}
Event: 17.046 GC heap after
{Heap after GC invocations=3 (full 0):
 garbage-first heap   total 98304K, used 17433K [0x0000000080000000, 0x0000000100000000)
  region size 1024K, 2 young (2048K), 2 survivors (2048K)
 Metaspace       used 20628K, capacity 21113K, committed 21296K, reserved 1069056K
  class space    used 2536K, capacity 2680K, committed 2688K, reserved 1048576K
}

Deoptimization events (20 events):
Event: 16.989 Thread 0x000002112e42f000 Uncommon trap: trap_request=0xffffff4d fr.pc=0x000002111e06c2e0 relative=0x0000000000000a40
Event: 16.989 Thread 0x000002112e42f000 Uncommon trap: reason=unstable_if action=reinterpret pc=0x000002111e06c2e0 method=java.io.WinNTFileSystem.resolve(Ljava/lang/String;Ljava/lang/String;)Ljava/lang/String; @ 19 c2
Event: 16.989 Thread 0x000002112e42f000 DEOPT PACKING pc=0x000002111e06c2e0 sp=0x000000e7e47fb680
Event: 16.989 Thread 0x000002112e42f000 DEOPT UNPACKING pc=0x00000211165ca1af sp=0x000000e7e47fb618 mode 2
Event: 16.991 Thread 0x000002112e42f000 Uncommon trap: trap_request=0xffffffc6 fr.pc=0x000002111e0c20a4 relative=0x0000000000000084
Event: 16.991 Thread 0x000002112e42f000 Uncommon trap: reason=bimorphic_or_optimized_type_check action=maybe_recompile pc=0x000002111e0c20a4 method=java.util.AbstractList$Itr.hasNext()Z @ 8 c2
Event: 16.991 Thread 0x000002112e42f000 DEOPT PACKING pc=0x000002111e0c20a4 sp=0x000000e7e47fac50
Event: 16.991 Thread 0x000002112e42f000 DEOPT UNPACKING pc=0x00000211165ca1af sp=0x000000e7e47fabe8 mode 2
Event: 16.991 Thread 0x000002112e42f000 Uncommon trap: trap_request=0xffffffc6 fr.pc=0x000002111e0c2454 relative=0x0000000000000114
Event: 16.991 Thread 0x000002112e42f000 Uncommon trap: reason=bimorphic_or_optimized_type_check action=maybe_recompile pc=0x000002111e0c2454 method=java.util.AbstractList$Itr.next()Ljava/lang/Object; @ 14 c2
Event: 16.991 Thread 0x000002112e42f000 DEOPT PACKING pc=0x000002111e0c2454 sp=0x000000e7e47fac40
Event: 16.991 Thread 0x000002112e42f000 DEOPT UNPACKING pc=0x00000211165ca1af sp=0x000000e7e47fabd8 mode 2
Event: 16.994 Thread 0x000002112e42f000 Uncommon trap: trap_request=0xffffff4d fr.pc=0x000002111e0c04f0 relative=0x0000000000000630
Event: 16.994 Thread 0x000002112e42f000 Uncommon trap: reason=unstable_if action=reinterpret pc=0x000002111e0c04f0 method=java.io.File.getName()Ljava/lang/String; @ 16 c2
Event: 16.994 Thread 0x000002112e42f000 DEOPT PACKING pc=0x000002111e0c04f0 sp=0x000000e7e47fb610
Event: 16.994 Thread 0x000002112e42f000 DEOPT UNPACKING pc=0x00000211165ca1af sp=0x000000e7e47fb5e0 mode 2
Event: 16.994 Thread 0x000002112e42f000 Uncommon trap: trap_request=0xffffff4d fr.pc=0x000002111e0bfa88 relative=0x00000000000004c8
Event: 16.994 Thread 0x000002112e42f000 Uncommon trap: reason=unstable_if action=reinterpret pc=0x000002111e0bfa88 method=java.lang.String.substring(I)Ljava/lang/String; @ 34 c2
Event: 16.994 Thread 0x000002112e42f000 DEOPT PACKING pc=0x000002111e0bfa88 sp=0x000000e7e47fb590
Event: 16.994 Thread 0x000002112e42f000 DEOPT UNPACKING pc=0x00000211165ca1af sp=0x000000e7e47fb568 mode 2

Classes redefined (0 events):
No events

Internal exceptions (20 events):
Event: 0.963 Thread 0x0000021112aaa000 Exception <a 'java/lang/NoSuchMethodError'{0x0000000085c27520}: 'int java.lang.invoke.DirectMethodHandle$Holder.invokeSpecialIFC(java.lang.Object, java.lang.Object, int)'> (0x0000000085c27520) thrown at [./src/hotspot/share/interpreter/linkResolver.cpp, line 773]
Event: 2.864 Thread 0x0000021112aaa000 Exception <a 'java/lang/NoClassDefFoundError'{0x0000000085197890}: org/slf4j/impl/StaticMarkerBinder> (0x0000000085197890) thrown at [./src/hotspot/share/classfile/systemDictionary.cpp, line 220]
Event: 4.679 Thread 0x0000021112aaa000 Exception <a 'java/lang/NoSuchMethodError'{0x0000000084eafb50}: 'java.lang.Object java.lang.invoke.DirectMethodHandle$Holder.invokeVirtual(java.lang.Object, java.lang.Object, java.lang.Object, java.lang.Object, java.lang.Object, java.lang.Object, java.lang.Object)'> (0x0000000084eafb50) thrown at [./src/hotspot/share/interpreter/linkResolver.cpp, line 773]
Event: 4.950 Thread 0x0000021112aaa000 Exception <a 'java/lang/NoSuchMethodError'{0x0000000084ec4628}: 'java.lang.Object java.lang.invoke.Invokers$Holder.invoker(java.lang.Object, java.lang.Object, java.lang.Object)'> (0x0000000084ec4628) thrown at [./src/hotspot/share/interpreter/linkResolver.cpp, line 773]
Event: 4.988 Thread 0x0000021112aaa000 Exception <a 'java/lang/NoSuchMethodError'{0x0000000084ed56a0}: 'void java.lang.invoke.DelegatingMethodHandle$Holder.delegate(java.lang.Object, java.lang.Object, int, java.lang.Object)'> (0x0000000084ed56a0) thrown at [./src/hotspot/share/interpreter/linkResolver.cpp, line 773]
Event: 9.239 Thread 0x0000021112aaa000 Exception <a 'java/security/PrivilegedActionException'{0x0000000083ab93b8}> (0x0000000083ab93b8) thrown at [./src/hotspot/share/prims/jvm.cpp, line 1306]
Event: 9.240 Thread 0x0000021112aaa000 Exception <a 'java/security/PrivilegedActionException'{0x0000000083ab9930}> (0x0000000083ab9930) thrown at [./src/hotspot/share/prims/jvm.cpp, line 1306]
Event: 10.774 Thread 0x0000021112aaa000 Exception <a 'java/lang/NoSuchMethodError'{0x00000000829c4020}: 'java.lang.Object java.lang.invoke.DirectMethodHandle$Holder.invokeStaticInit(java.lang.Object, java.lang.Object, java.lang.Object)'> (0x00000000829c4020) thrown at [./src/hotspot/share/interpreter/linkResolver.cpp, line 773]
Event: 12.184 Thread 0x0000021112aaa000 Exception <a 'java/lang/NoSuchMethodError'{0x0000000085b26108}: 'java.lang.Object java.lang.invoke.DirectMethodHandle$Holder.invokeStaticInit(java.lang.Object, int, int, int, int)'> (0x0000000085b26108) thrown at [./src/hotspot/share/interpreter/linkResolver.cpp, line 773]
Event: 13.611 Thread 0x0000021112aaa000 Exception <a 'java/lang/NoSuchMethodError'{0x0000000085a7f178}: 'java.lang.Object java.lang.invoke.DirectMethodHandle$Holder.invokeStaticInit(java.lang.Object, java.lang.Object, int, int, int, int)'> (0x0000000085a7f178) thrown at [./src/hotspot/share/interpreter/linkResolver.cpp, line 773]
Event: 15.185 Thread 0x0000021112aaa000 Exception <a 'java/io/IOException'{0x00000000858ac188}> (0x00000000858ac188) thrown at [./src/hotspot/share/prims/jni.cpp, line 615]
Event: 15.550 Thread 0x000002112e42f000 Exception <a 'java/lang/NoSuchMethodError'{0x00000000853cd160}: 'long java.lang.invoke.DirectMethodHandle$Holder.invokeInterface(java.lang.Object, java.lang.Object)'> (0x00000000853cd160) thrown at [./src/hotspot/share/interpreter/linkResolver.cpp, line 773]
Event: 15.553 Thread 0x000002112e42f000 Exception <a 'java/lang/NoSuchMethodError'{0x00000000853da200}: 'void java.lang.invoke.DelegatingMethodHandle$Holder.reinvoke_L(java.lang.Object, java.lang.Object, java.lang.Object, java.lang.Object, java.lang.Object, java.lang.Object, java.lang.Object)'> (0x00000000853da200) thrown at [./src/hotspot/share/interpreter/linkResolver.cpp, line 773]
Event: 16.642 Thread 0x000002112e42f000 Exception <a 'java/lang/NoSuchMethodError'{0x00000000839deb70}: 'void java.lang.invoke.DirectMethodHandle$Holder.invokeStaticInit(java.lang.Object)'> (0x00000000839deb70) thrown at [./src/hotspot/share/interpreter/linkResolver.cpp, line 773]
Event: 16.734 Thread 0x000002112e42f000 Exception <a 'java/lang/NoSuchMethodError'{0x000000008388bbd0}: 'java.lang.Object java.lang.invoke.DirectMethodHandle$Holder.invokeStatic(java.lang.Object, java.lang.Object, java.lang.Object, int)'> (0x000000008388bbd0) thrown at [./src/hotspot/share/interpreter/linkResolver.cpp, line 773]
Event: 16.734 Thread 0x000002112e42f000 Exception <a 'java/lang/NoSuchMethodError'{0x00000000838902e8}: 'java.lang.Object java.lang.invoke.DirectMethodHandle$Holder.invokeSpecial(java.lang.Object, java.lang.Object, java.lang.Object, java.lang.Object, int)'> (0x00000000838902e8) thrown at [./src/hotspot/share/interpreter/linkResolver.cpp, line 773]
Event: 16.735 Thread 0x000002112e42f000 Exception <a 'java/lang/NoSuchMethodError'{0x0000000083894220}: 'java.lang.Object java.lang.invoke.Invokers$Holder.linkToTargetMethod(java.lang.Object, java.lang.Object, int, java.lang.Object)'> (0x0000000083894220) thrown at [./src/hotspot/share/interpreter/linkResolver.cpp, line 773]
Event: 17.187 Thread 0x000002112e42f000 Exception <a 'java/lang/NoSuchMethodError'{0x0000000085d8a248}: 'int java.lang.invoke.DirectMethodHandle$Holder.invokeSpecialIFC(java.lang.Object, java.lang.Object, java.lang.Object, java.lang.Object)'> (0x0000000085d8a248) thrown at [./src/hotspot/share/interpreter/linkResolver.cpp, line 773]
Event: 17.191 Thread 0x000002112e42f000 Exception <a 'java/lang/NoSuchMethodError'{0x0000000085d98200}: 'java.lang.Object java.lang.invoke.DirectMethodHandle$Holder.invokeInterface(java.lang.Object, java.lang.Object, java.lang.Object)'> (0x0000000085d98200) thrown at [./src/hotspot/share/interpreter/linkResolver.cpp, line 773]
Event: 17.192 Thread 0x000002112e42f000 Exception <a 'java/lang/IncompatibleClassChangeError'{0x0000000085d9b6d8}: Found class java.lang.Object, but interface was expected> (0x0000000085d9b6d8) thrown at [./src/hotspot/share/interpreter/linkResolver.cpp, line 839]

Events (20 events):
Event: 17.264 loading class org/gradle/internal/fingerprint/FileCollectionFingerprint
Event: 17.264 loading class org/gradle/internal/fingerprint/FileCollectionFingerprint done
Event: 17.265 loading class org/gradle/internal/snapshot/RelativePathTrackingFileSystemSnapshotHierarchyVisitor
Event: 17.265 loading class org/gradle/internal/snapshot/RelativePathTrackingFileSystemSnapshotHierarchyVisitor done
Event: 17.265 loading class org/gradle/api/internal/changedetection/state/LineEndingNormalizingResourceHasher
Event: 17.265 loading class org/gradle/api/internal/changedetection/state/LineEndingNormalizingResourceHasher done
Event: 17.267 loading class org/gradle/api/internal/changedetection/state/LineEndingNormalizingResourceHasher$1
Event: 17.267 loading class org/gradle/api/internal/changedetection/state/LineEndingNormalizingResourceHasher$1 done
Event: 17.267 loading class org/gradle/api/internal/changedetection/state/PropertiesFileAwareClasspathResourceHasher
Event: 17.267 loading class org/gradle/api/internal/changedetection/state/PropertiesFileAwareClasspathResourceHasher done
Event: 17.269 loading class org/gradle/api/internal/changedetection/state/PropertyResourceBundleFallbackCharset
Event: 17.269 loading class org/gradle/api/internal/changedetection/state/PropertyResourceBundleFallbackCharset done
Event: 17.270 loading class com/google/common/collect/ImmutableMap$Builder
Event: 17.270 loading class com/google/common/collect/ImmutableMap$Builder done
Event: 17.271 loading class org/gradle/api/internal/changedetection/state/ResourceEntryFilter
Event: 17.271 loading class org/gradle/api/internal/changedetection/state/ResourceEntryFilter done
Event: 17.271 loading class com/google/common/collect/ImmutableMap$Builder
Event: 17.271 loading class com/google/common/collect/ImmutableMap$Builder done
Event: 17.272 loading class org/gradle/api/internal/changedetection/state/MetaInfAwareClasspathResourceHasher
Event: 17.272 loading class org/gradle/api/internal/changedetection/state/MetaInfAwareClasspathResourceHasher done


Dynamic libraries:
0x00007ff66b370000 - 0x00007ff66b37a000 	C:\Program Files\Android\Android Studio\jre\bin\java.exe
0x00007fffb4070000 - 0x00007fffb4268000 	C:\WINDOWS\SYSTEM32\ntdll.dll
0x00007fffb24d0000 - 0x00007fffb258d000 	C:\WINDOWS\System32\KERNEL32.DLL
0x00007fffb18c0000 - 0x00007fffb1b8e000 	C:\WINDOWS\System32\KERNELBASE.dll
0x00007fffb1b90000 - 0x00007fffb1c90000 	C:\WINDOWS\System32\ucrtbase.dll
0x00007fff795e0000 - 0x00007fff795f9000 	C:\Program Files\Android\Android Studio\jre\bin\jli.dll
0x00007fffb3e90000 - 0x00007fffb4030000 	C:\WINDOWS\System32\USER32.dll
0x00007fffb1e20000 - 0x00007fffb1e42000 	C:\WINDOWS\System32\win32u.dll
0x00007fffb3480000 - 0x00007fffb34aa000 	C:\WINDOWS\System32\GDI32.dll
0x00007fffb1c90000 - 0x00007fffb1d9b000 	C:\WINDOWS\System32\gdi32full.dll
0x00007fffb1820000 - 0x00007fffb18bd000 	C:\WINDOWS\System32\msvcp_win.dll
0x00007fff795c0000 - 0x00007fff795d7000 	C:\Program Files\Android\Android Studio\jre\bin\VCRUNTIME140.dll
0x00007fff95460000 - 0x00007fff956fa000 	C:\WINDOWS\WinSxS\amd64_microsoft.windows.common-controls_6595b64144ccf1df_6.0.19041.1110_none_60b5254171f9507e\COMCTL32.dll
0x00007fffb3890000 - 0x00007fffb392e000 	C:\WINDOWS\System32\msvcrt.dll
0x00007fffb3d30000 - 0x00007fffb3d60000 	C:\WINDOWS\System32\IMM32.DLL
0x00007fff94a90000 - 0x00007fff94bfa000 	C:\Program Files (x86)\Citrix\ICA Client\epclient64.dll
0x00007fffb1da0000 - 0x00007fffb1dc7000 	C:\WINDOWS\System32\bcrypt.dll
0x00007fffb0540000 - 0x00007fffb054a000 	C:\WINDOWS\SYSTEM32\VERSION.dll
0x00007fffb3de0000 - 0x00007fffb3e8e000 	C:\WINDOWS\System32\ADVAPI32.dll
0x00007fffb20d0000 - 0x00007fffb216c000 	C:\WINDOWS\System32\sechost.dll
0x00007fffb3930000 - 0x00007fffb3a55000 	C:\WINDOWS\System32\RPCRT4.dll
0x00007fffb0270000 - 0x00007fffb02a3000 	C:\WINDOWS\SYSTEM32\ntmarta.dll
0x00007fffb0500000 - 0x00007fffb0512000 	C:\WINDOWS\SYSTEM32\kernel.appcore.dll
0x00007fff76330000 - 0x00007fff763cd000 	C:\Program Files\Android\Android Studio\jre\bin\msvcp140.dll
0x00007fff510e0000 - 0x00007fff51bc5000 	C:\Program Files\Android\Android Studio\jre\bin\server\jvm.dll
0x00007fffb2ef0000 - 0x00007fffb2ef8000 	C:\WINDOWS\System32\PSAPI.DLL
0x00007fff6fb80000 - 0x00007fff6fb89000 	C:\WINDOWS\SYSTEM32\WSOCK32.dll
0x00007fffb3b10000 - 0x00007fffb3b7b000 	C:\WINDOWS\System32\WS2_32.dll
0x00007fffa74d0000 - 0x00007fffa74f7000 	C:\WINDOWS\SYSTEM32\WINMM.dll
0x00007fff7b590000 - 0x00007fff7b5a1000 	C:\Program Files\Android\Android Studio\jre\bin\verify.dll
0x00007fffafae0000 - 0x00007fffafcc4000 	C:\WINDOWS\SYSTEM32\DBGHELP.DLL
0x00007fff99b70000 - 0x00007fff99b9c000 	C:\WINDOWS\SYSTEM32\dbgcore.DLL
0x00007fffb1790000 - 0x00007fffb1812000 	C:\WINDOWS\System32\bcryptPrimitives.dll
0x00007fff7ad80000 - 0x00007fff7ada9000 	C:\Program Files\Android\Android Studio\jre\bin\java.dll
0x00007fff7b580000 - 0x00007fff7b58b000 	C:\Program Files\Android\Android Studio\jre\bin\jimage.dll
0x00007fff7ad60000 - 0x00007fff7ad78000 	C:\Program Files\Android\Android Studio\jre\bin\zip.dll
0x00007fffb26d0000 - 0x00007fffb2e14000 	C:\WINDOWS\System32\SHELL32.dll
0x00007fffaf270000 - 0x00007fffafa04000 	C:\WINDOWS\SYSTEM32\windows.storage.dll
0x000002112db30000 - 0x000002112de84000 	C:\WINDOWS\System32\combase.dll
0x00007fffb1120000 - 0x00007fffb1150000 	C:\WINDOWS\SYSTEM32\Wldp.dll
0x00007fffb3a60000 - 0x00007fffb3b0d000 	C:\WINDOWS\System32\SHCORE.dll
0x00007fffb3420000 - 0x00007fffb3475000 	C:\WINDOWS\System32\shlwapi.dll
0x00007fffb16d0000 - 0x00007fffb16ef000 	C:\WINDOWS\SYSTEM32\profapi.dll
0x00007fff7ad40000 - 0x00007fff7ad5a000 	C:\Program Files\Android\Android Studio\jre\bin\net.dll
0x00007fffab290000 - 0x00007fffab39a000 	C:\WINDOWS\SYSTEM32\WINHTTP.dll
0x00007fffb0e60000 - 0x00007fffb0eca000 	C:\WINDOWS\system32\mswsock.dll
0x00007fff7acd0000 - 0x00007fff7ace4000 	C:\Program Files\Android\Android Studio\jre\bin\nio.dll
0x00007fff7c640000 - 0x00007fff7c667000 	C:\Users\HP\.gradle\native\e1d6ef7f7dcc3fd88c89a11ec53ec762bb8ba0a96d01ffa2cd45eb1d1d8dd5c5\windows-amd64\native-platform.dll
0x00007fff6fdf0000 - 0x00007fff6ff34000 	C:\Users\HP\.gradle\native\5664cfc778a61ccfe75a443a1ab52a65af34e5dc3c78e0209fed803814484fcb\windows-amd64\native-platform-file-events.dll
0x00007fff7ae50000 - 0x00007fff7ae5a000 	C:\Program Files\Android\Android Studio\jre\bin\management.dll
0x00007fff7ae40000 - 0x00007fff7ae4d000 	C:\Program Files\Android\Android Studio\jre\bin\management_ext.dll
0x00007fffb1080000 - 0x00007fffb1098000 	C:\WINDOWS\SYSTEM32\CRYPTSP.dll
0x00007fffb07c0000 - 0x00007fffb07f4000 	C:\WINDOWS\system32\rsaenh.dll
0x00007fffb1690000 - 0x00007fffb16be000 	C:\WINDOWS\SYSTEM32\USERENV.dll
0x00007fffb1070000 - 0x00007fffb107c000 	C:\WINDOWS\SYSTEM32\CRYPTBASE.dll
0x00007fffb0b40000 - 0x00007fffb0b7b000 	C:\WINDOWS\SYSTEM32\IPHLPAPI.DLL
0x00007fffb2590000 - 0x00007fffb2598000 	C:\WINDOWS\System32\NSI.dll
0x00007fffa4d30000 - 0x00007fffa4d47000 	C:\WINDOWS\SYSTEM32\dhcpcsvc6.DLL
0x00007fffa4e00000 - 0x00007fffa4e1d000 	C:\WINDOWS\SYSTEM32\dhcpcsvc.DLL
0x00007fffb0b80000 - 0x00007fffb0c4b000 	C:\WINDOWS\SYSTEM32\DNSAPI.dll

dbghelp: loaded successfully - version: 4.0.5 - missing functions: none
symbol engine: initialized successfully - sym options: 0x614 - pdb path: .;C:\Program Files\Android\Android Studio\jre\bin;C:\WINDOWS\SYSTEM32;C:\WINDOWS\WinSxS\amd64_microsoft.windows.common-controls_6595b64144ccf1df_6.0.19041.1110_none_60b5254171f9507e;C:\Program Files (x86)\Citrix\ICA Client;C:\Program Files\Android\Android Studio\jre\bin\server;C:\Users\HP\.gradle\native\e1d6ef7f7dcc3fd88c89a11ec53ec762bb8ba0a96d01ffa2cd45eb1d1d8dd5c5\windows-amd64;C:\Users\HP\.gradle\native\5664cfc778a61ccfe75a443a1ab52a65af34e5dc3c78e0209fed803814484fcb\windows-amd64

VM Arguments:
jvm_args: --add-opens=java.base/java.util=ALL-UNNAMED --add-opens=java.base/java.lang=ALL-UNNAMED --add-opens=java.base/java.lang.invoke=ALL-UNNAMED --add-opens=java.base/java.util=ALL-UNNAMED --add-opens=java.prefs/java.util.prefs=ALL-UNNAMED --add-opens=java.prefs/java.util.prefs=ALL-UNNAMED --add-opens=java.base/java.nio.charset=ALL-UNNAMED --add-opens=java.base/java.net=ALL-UNNAMED --add-opens=java.base/java.util.concurrent.atomic=ALL-UNNAMED -Xmx2048m -Dfile.encoding=UTF-8 -Duser.country=CN -Duser.language=zh -Duser.variant 
java_command: org.gradle.launcher.daemon.bootstrap.GradleDaemon 7.3.3
java_class_path (initial): C:\Users\HP\.gradle\wrapper\dists\gradle-7.3.3-bin\6a41zxkdtcxs8rphpq6y0069z\gradle-7.3.3\lib\gradle-launcher-7.3.3.jar
Launcher Type: SUN_STANDARD

[Global flags]
     intx CICompilerCount                          = 4                                         {product} {ergonomic}
     uint ConcGCThreads                            = 2                                         {product} {ergonomic}
     uint G1ConcRefinementThreads                  = 8                                         {product} {ergonomic}
   size_t G1HeapRegionSize                         = 1048576                                   {product} {ergonomic}
    uintx GCDrainStackTargetSize                   = 64                                        {product} {ergonomic}
   size_t InitialHeapSize                          = 100663296                                 {product} {ergonomic}
   size_t MarkStackSize                            = 4194304                                   {product} {ergonomic}
   size_t MaxHeapSize                              = 2147483648                                {product} {command line}
   size_t MaxNewSize                               = 1287651328                                {product} {ergonomic}
   size_t MinHeapDeltaBytes                        = 1048576                                   {product} {ergonomic}
    uintx NonNMethodCodeHeapSize                   = 5836300                                {pd product} {ergonomic}
    uintx NonProfiledCodeHeapSize                  = 122910970                              {pd product} {ergonomic}
    uintx ProfiledCodeHeapSize                     = 122910970                              {pd product} {ergonomic}
    uintx ReservedCodeCacheSize                    = 251658240                              {pd product} {ergonomic}
     bool SegmentedCodeCache                       = true                                      {product} {ergonomic}
     bool UseCompressedClassPointers               = true                                 {lp64_product} {ergonomic}
     bool UseCompressedOops                        = true                                 {lp64_product} {ergonomic}
     bool UseG1GC                                  = true                                      {product} {ergonomic}
     bool UseLargePagesIndividualAllocation        = false                                  {pd product} {ergonomic}

Logging:
Log output configuration:
 #0: stdout all=warning uptime,level,tags
 #1: stderr all=off uptime,level,tags

Environment Variables:
JAVA_HOME=C:\Program Files\Java\jdk-17.0.1
PATH=C:\Python310\Scripts\;C:\Python310\;C:\Program Files\IBM\ILOG\CPLEX_Studio_Community221\opl\bin\x64_win64;C:\Program Files\IBM\ILOG\CPLEX_Studio_Community221\opl\oplide\;C:\Program Files\IBM\ILOG\CPLEX_Studio_Community221\cplex\bin\x64_win64;C:\Program Files\IBM\ILOG\CPLEX_Studio_Community221\cpoptimizer\bin\x64_win64;C:\Program Files\Common Files\Oracle\Java\javapath;"C:\web scraping\chromedriver.exe;";C:\WINDOWS\system32;C:\WINDOWS;C:\WINDOWS\System32\Wbem;C:\WINDOWS\System32\WindowsPowerShell\v1.0\;C:\WINDOWS\System32\OpenSSH\;C:\Program Files (x86)\dotnet\;C:\Program Files\Amazon\AWSCLIV2\;C:\Program Files\Java\jdk-17.0.1\bin;C:\Program Files\PuTTY\;C:\Program Files\Git\cmd;C:\Program Files\nodejs\;C:\ProgramData\chocolatey\bin;C:\Program Files\Bandizip\;C:\Program Files\Docker\Docker\resources\bin;C:\ProgramData\DockerDesktop\version-bin;C:\Program Files\MySQL\MySQL Shell 8.0\bin\;C:\Users\HP\AppData\Roaming\TinyTeX\bin\win32;C:\Users\HP\AppData\Local\Microsoft\WindowsApps;C:\Users\HP\AppData\Local\Programs\Python\Python37;C:\Program Files\JetBrains\IntelliJ IDEA Community Edition 2021.3.1\bin;;C:\Users\HP\AppData\Local\Programs\MiKTeX\miktex\bin\x64\;C:\Users\HP\AppData\Local\Programs\Microsoft VS Code\bin;C:\Users\HP\AppData\Roaming\npm
USERNAME=HP
OS=Windows_NT
PROCESSOR_IDENTIFIER=AMD64 Family 23 Model 17 Stepping 0, AuthenticAMD



---------------  S Y S T E M  ---------------

OS: Windows 10 , 64 bit Build 19041 (10.0.19041.1806)
OS uptime: 3 days 3:36 hours
Hyper-V role detected

CPU:total 8 (initial active 8) (8 cores per cpu, 2 threads per core) family 23 model 17 stepping 0 microcode 0x0, cmov, cx8, fxsr, mmx, sse, sse2, sse3, ssse3, sse4.1, sse4.2, popcnt, avx, avx2, aes, clmul, mmxext, 3dnowpref, lzcnt, sse4a, ht, tsc, tscinvbit, tscinv, bmi1, bmi2, adx, sha, fma

Memory: 4k page, system-wide physical 6099M (181M free)
TotalPageFile size 24531M (AvailPageFile size 0M)
current process WorkingSet (physical memory assigned to process): 161M, peak: 163M
current process commit charge ("private bytes"): 225M, peak: 225M

vm_info: OpenJDK 64-Bit Server VM (11.0.12+7-b1504.28-7817840) for windows-amd64 JRE (11.0.12+7-b1504.28-7817840), built on Oct 13 2021 22:12:33 by "builder" with MS VC++ 14.0 (VS2015)

END.
